TN:
SF:src/app.js
FN:6,(anonymous_0)
FN:12,(anonymous_1)
FN:16,(anonymous_2)
FNF:3
FNH:3
FNDA:3,(anonymous_0)
FNDA:3,(anonymous_1)
FNDA:3,(anonymous_2)
DA:1,3
DA:2,3
DA:3,3
DA:7,3
DA:8,3
DA:9,3
DA:13,3
DA:17,3
DA:21,3
LF:9
LH:9
BRF:0
BRH:0
end_of_record
TN:
SF:src/app/controller/AuthController.js
FN:7,(anonymous_0)
FNF:1
FNH:1
FNDA:1,(anonymous_0)
DA:1,3
DA:2,3
DA:3,3
DA:4,3
DA:8,1
DA:9,1
DA:10,1
DA:11,1
DA:12,0
DA:14,1
DA:15,0
DA:17,1
DA:18,1
DA:19,1
DA:20,1
DA:21,1
DA:22,1
DA:24,0
DA:29,3
LF:19
LH:16
BRDA:11,0,0,0
BRDA:11,0,1,1
BRDA:14,1,0,0
BRDA:14,1,1,1
BRF:4
BRH:2
end_of_record
TN:
SF:src/app/controller/CarroController.js
FN:5,(anonymous_0)
FN:14,(anonymous_1)
FN:23,(anonymous_2)
FN:32,(anonymous_3)
FN:44,(anonymous_4)
FN:53,(anonymous_5)
FNF:6
FNH:4
FNDA:4,(anonymous_0)
FNDA:1,(anonymous_1)
FNDA:1,(anonymous_2)
FNDA:1,(anonymous_3)
FNDA:0,(anonymous_4)
FNDA:0,(anonymous_5)
DA:1,3
DA:2,3
DA:6,4
DA:7,4
DA:8,4
DA:10,0
DA:15,1
DA:16,1
DA:17,1
DA:19,0
DA:24,1
DA:25,1
DA:26,1
DA:28,0
DA:33,1
DA:34,1
DA:35,1
DA:36,0
DA:38,1
DA:40,0
DA:45,0
DA:46,0
DA:47,0
DA:49,0
DA:54,0
DA:55,0
DA:56,0
DA:58,0
DA:63,3
LF:29
LH:16
BRDA:35,0,0,0
BRDA:35,0,1,1
BRF:2
BRH:1
end_of_record
TN:
SF:src/app/controller/LocadoraController.js
FN:5,(anonymous_0)
FN:14,(anonymous_1)
FN:23,(anonymous_2)
FN:32,(anonymous_3)
FN:44,(anonymous_4)
FNF:5
FNH:2
FNDA:2,(anonymous_0)
FNDA:1,(anonymous_1)
FNDA:0,(anonymous_2)
FNDA:0,(anonymous_3)
FNDA:0,(anonymous_4)
DA:1,3
DA:2,3
DA:6,2
DA:7,2
DA:8,2
DA:10,0
DA:15,1
DA:16,1
DA:17,1
DA:19,0
DA:24,0
DA:25,0
DA:26,0
DA:28,0
DA:33,0
DA:34,0
DA:35,0
DA:36,0
DA:38,0
DA:40,0
DA:45,0
DA:46,0
DA:47,0
DA:49,0
DA:54,3
LF:25
LH:9
BRDA:35,0,0,0
BRDA:35,0,1,0
BRF:2
BRH:0
end_of_record
TN:
SF:src/app/controller/PessoaController.js
FN:5,(anonymous_0)
FN:14,(anonymous_1)
FN:23,(anonymous_2)
FN:32,(anonymous_3)
FN:44,(anonymous_4)
FNF:5
FNH:4
FNDA:5,(anonymous_0)
FNDA:1,(anonymous_1)
FNDA:1,(anonymous_2)
FNDA:1,(anonymous_3)
FNDA:0,(anonymous_4)
DA:1,3
DA:2,3
DA:6,5
DA:7,5
DA:8,5
DA:10,0
DA:15,1
DA:16,1
DA:17,1
DA:19,0
DA:24,1
DA:25,1
DA:26,1
DA:28,0
DA:33,1
DA:34,1
DA:35,1
DA:36,0
DA:38,1
DA:40,0
DA:45,0
DA:46,0
DA:47,0
DA:49,0
DA:54,3
LF:25
LH:16
BRDA:35,0,0,0
BRDA:35,0,1,1
BRF:2
BRH:1
end_of_record
TN:
SF:src/app/errors/CpfInvalido.js
FN:2,(anonymous_0)
FNF:1
FNH:0
FNDA:0,(anonymous_0)
DA:3,0
DA:4,0
DA:5,0
DA:9,3
LF:4
LH:1
BRF:0
BRH:0
end_of_record
TN:
SF:src/app/errors/CpfJaCadastrado.js
FN:2,(anonymous_0)
FNF:1
FNH:0
FNDA:0,(anonymous_0)
DA:3,0
DA:4,0
DA:5,0
DA:9,3
LF:4
LH:1
BRF:0
BRH:0
end_of_record
TN:
SF:src/app/errors/EmailJaCadastrado.js
FN:2,(anonymous_0)
FNF:1
FNH:0
FNDA:0,(anonymous_0)
DA:3,0
DA:4,0
DA:5,0
DA:9,3
LF:4
LH:1
BRF:0
BRH:0
end_of_record
TN:
SF:src/app/errors/MenorDeIdade.js
FN:2,(anonymous_0)
FNF:1
FNH:0
FNDA:0,(anonymous_0)
DA:3,0
DA:4,0
DA:5,0
DA:9,3
LF:4
LH:1
BRF:0
BRH:0
end_of_record
TN:
SF:src/app/errors/MultiplasMatrizes.js
FN:2,(anonymous_0)
FNF:1
FNH:0
FNDA:0,(anonymous_0)
DA:3,0
DA:4,0
DA:5,0
DA:9,3
LF:4
LH:1
BRF:0
BRH:0
end_of_record
TN:
SF:src/app/errors/PessoaNaoExiste.js
FN:2,(anonymous_0)
FNF:1
FNH:0
FNDA:0,(anonymous_0)
DA:3,0
DA:4,0
DA:5,0
DA:9,3
LF:4
LH:1
BRF:0
BRH:0
end_of_record
TN:
SF:src/app/middleware/Login.js
FN:4,(anonymous_0)
FNF:1
FNH:1
FNDA:5,(anonymous_0)
DA:1,3
DA:2,3
DA:4,3
DA:5,5
DA:6,5
DA:7,5
DA:8,5
DA:9,5
DA:11,0
LF:9
LH:8
BRF:0
BRH:0
end_of_record
TN:
SF:src/app/repository/CarroRepository.js
FN:4,(anonymous_0)
FN:8,(anonymous_1)
FN:16,(anonymous_2)
FN:20,(anonymous_3)
FN:24,(anonymous_4)
FN:28,(anonymous_5)
FNF:6
FNH:4
FNDA:4,(anonymous_0)
FNDA:1,(anonymous_1)
FNDA:1,(anonymous_2)
FNDA:1,(anonymous_3)
FNDA:0,(anonymous_4)
FNDA:0,(anonymous_5)
DA:1,3
DA:5,4
DA:9,1
DA:10,1
DA:17,1
DA:21,1
DA:25,0
DA:29,0
DA:38,0
DA:42,3
LF:10
LH:7
BRDA:9,0,0,1
BRDA:9,1,0,1
BRF:2
BRH:2
end_of_record
TN:
SF:src/app/repository/LocadoraRepository.js
FN:5,(anonymous_0)
FN:10,(anonymous_1)
FN:21,(anonymous_2)
FN:33,(anonymous_3)
FN:37,(anonymous_4)
FN:41,(anonymous_5)
FNF:6
FNH:3
FNDA:2,(anonymous_0)
FNDA:2,(anonymous_1)
FNDA:1,(anonymous_2)
FNDA:0,(anonymous_3)
FNDA:0,(anonymous_4)
FNDA:0,(anonymous_5)
DA:1,3
DA:2,3
DA:6,2
DA:8,2
DA:10,2
DA:11,2
DA:12,2
DA:13,2
DA:14,2
DA:15,2
DA:16,2
DA:18,2
DA:22,1
DA:23,1
DA:34,0
DA:38,0
DA:42,0
DA:46,3
LF:18
LH:15
BRDA:22,0,0,1
BRDA:22,1,0,1
BRF:2
BRH:2
end_of_record
TN:
SF:src/app/repository/PessoaRepository.js
FN:4,(anonymous_0)
FN:8,(anonymous_1)
FN:20,(anonymous_2)
FN:24,(anonymous_3)
FN:28,(anonymous_4)
FNF:5
FNH:4
FNDA:5,(anonymous_0)
FNDA:11,(anonymous_1)
FNDA:1,(anonymous_2)
FNDA:1,(anonymous_3)
FNDA:0,(anonymous_4)
DA:1,3
DA:5,5
DA:9,11
DA:10,11
DA:21,1
DA:25,1
DA:29,0
DA:33,3
LF:8
LH:7
BRDA:9,0,0,11
BRDA:9,1,0,11
BRF:2
BRH:2
end_of_record
TN:
SF:src/app/schema/CarroSchema.js
FNF:0
FNH:0
DA:1,3
DA:2,3
DA:4,3
DA:31,3
DA:33,3
DA:35,3
LF:6
LH:6
BRF:0
BRH:0
end_of_record
TN:
SF:src/app/schema/LocadoraSchema.js
FNF:0
FNH:0
DA:1,3
DA:2,3
DA:4,3
DA:85,3
DA:87,3
DA:89,3
LF:6
LH:6
BRF:0
BRH:0
end_of_record
TN:
SF:src/app/schema/PessoaSchema.js
FN:32,encrypted
FNF:1
FNH:1
FNDA:5,encrypted
DA:1,3
DA:2,3
DA:3,3
DA:5,3
DA:32,3
DA:33,5
DA:34,5
DA:36,5
DA:39,3
DA:41,3
DA:43,3
LF:11
LH:11
BRF:0
BRH:0
end_of_record
TN:
SF:src/app/serialize/CarroSerialize.js
FN:1,(anonymous_0)
FN:10,(anonymous_1)
FNF:2
FNH:2
FNDA:6,(anonymous_0)
FNDA:1,(anonymous_1)
DA:1,6
DA:10,3
DA:18,3
LF:3
LH:3
BRF:0
BRH:0
end_of_record
TN:
SF:src/app/serialize/ErroSerialize.js
FN:1,(anonymous_0)
FN:2,(anonymous_1)
FNF:2
FNH:0
FNDA:0,(anonymous_0)
FNDA:0,(anonymous_1)
DA:1,3
DA:2,0
DA:7,3
LF:3
LH:2
BRF:0
BRH:0
end_of_record
TN:
SF:src/app/serialize/LocadoraSerialize.js
FN:1,(anonymous_0)
FN:3,(anonymous_1)
FNF:2
FNH:2
FNDA:3,(anonymous_0)
FNDA:1,(anonymous_1)
DA:1,3
DA:3,3
DA:11,3
LF:3
LH:3
BRF:0
BRH:0
end_of_record
TN:
SF:src/app/serialize/PessoaSerialize.js
FN:3,(anonymous_0)
FN:12,(anonymous_1)
FNF:2
FNH:2
FNDA:7,(anonymous_0)
FNDA:1,(anonymous_1)
DA:1,3
DA:3,7
DA:12,3
DA:20,3
LF:4
LH:4
BRF:0
BRH:0
end_of_record
TN:
SF:src/app/service/CarroService.js
FN:4,(anonymous_0)
FN:9,(anonymous_1)
FN:14,(anonymous_2)
FN:19,(anonymous_3)
FN:24,(anonymous_4)
FN:29,(anonymous_5)
FNF:6
FNH:4
FNDA:4,(anonymous_0)
FNDA:1,(anonymous_1)
FNDA:1,(anonymous_2)
FNDA:1,(anonymous_3)
FNDA:0,(anonymous_4)
FNDA:0,(anonymous_5)
DA:1,3
DA:5,4
DA:6,4
DA:10,1
DA:11,1
DA:15,1
DA:16,1
DA:20,1
DA:21,1
DA:25,0
DA:26,0
DA:30,0
DA:31,0
DA:35,3
LF:14
LH:10
BRF:0
BRH:0
end_of_record
TN:
SF:src/app/service/LocadoraService.js
FN:5,(anonymous_0)
FN:7,(anonymous_1)
FN:19,(anonymous_2)
FN:24,(anonymous_3)
FN:29,(anonymous_4)
FN:34,(anonymous_5)
FNF:6
FNH:3
FNDA:2,(anonymous_0)
FNDA:2,(anonymous_1)
FNDA:1,(anonymous_2)
FNDA:0,(anonymous_3)
FNDA:0,(anonymous_4)
FNDA:0,(anonymous_5)
DA:1,3
DA:2,3
DA:6,2
DA:7,2
DA:8,2
DA:9,2
DA:11,2
DA:12,0
DA:15,2
DA:16,2
DA:20,1
DA:21,1
DA:25,0
DA:26,0
DA:30,0
DA:31,0
DA:35,0
DA:36,0
DA:40,3
LF:19
LH:12
BRDA:8,0,0,2
BRDA:8,0,1,0
BRDA:11,1,0,0
BRDA:11,1,1,2
BRF:4
BRH:2
end_of_record
TN:
SF:src/app/service/PessoaService.js
FN:10,(anonymous_0)
FN:25,(anonymous_1)
FN:30,(anonymous_2)
FN:35,(anonymous_3)
FN:40,(anonymous_4)
FN:59,(anonymous_5)
FNF:6
FNH:5
FNDA:5,(anonymous_0)
FNDA:1,(anonymous_1)
FNDA:1,(anonymous_2)
FNDA:1,(anonymous_3)
FNDA:0,(anonymous_4)
FNDA:5,(anonymous_5)
DA:1,3
DA:2,3
DA:3,3
DA:4,3
DA:5,3
DA:6,3
DA:7,3
DA:11,5
DA:12,5
DA:13,5
DA:14,5
DA:15,0
DA:17,5
DA:18,5
DA:19,0
DA:21,5
DA:22,5
DA:26,1
DA:27,1
DA:31,1
DA:32,1
DA:36,1
DA:37,1
DA:41,0
DA:42,0
DA:43,0
DA:44,0
DA:46,0
DA:47,0
DA:48,0
DA:49,0
DA:51,0
DA:52,0
DA:53,0
DA:55,0
DA:56,0
DA:60,5
DA:61,0
DA:63,5
DA:66,5
DA:67,5
DA:69,45
DA:70,5
DA:72,5
DA:73,5
DA:75,5
DA:76,50
DA:77,5
DA:79,5
DA:80,5
DA:84,3
LF:51
LH:35
BRDA:14,0,0,0
BRDA:14,0,1,5
BRDA:18,1,0,0
BRDA:18,1,1,5
BRDA:43,2,0,0
BRDA:43,2,1,0
BRDA:48,3,0,0
BRDA:48,3,1,0
BRDA:48,4,0,0
BRDA:48,4,1,0
BRDA:52,5,0,0
BRDA:52,5,1,0
BRDA:52,6,0,0
BRDA:52,6,1,0
BRDA:60,7,0,0
BRDA:60,7,1,5
BRDA:67,8,0,0
BRDA:67,8,1,5
BRDA:72,9,0,0
BRDA:72,9,1,5
BRDA:72,10,0,5
BRDA:72,10,1,5
BRDA:73,11,0,0
BRDA:73,11,1,5
BRDA:79,12,0,0
BRDA:79,12,1,5
BRDA:79,13,0,5
BRDA:79,13,1,5
BRDA:80,14,0,0
BRDA:80,14,1,5
BRF:30
BRH:12
end_of_record
TN:
SF:src/app/validation/idValidation.js
FN:3,(anonymous_0)
FNF:1
FNH:1
FNDA:2,(anonymous_0)
DA:1,3
DA:3,3
DA:4,2
DA:5,2
DA:6,2
DA:7,2
DA:9,0
LF:7
LH:6
BRDA:6,0,0,0
BRDA:6,0,1,2
BRF:2
BRH:1
end_of_record
TN:
SF:src/app/validation/carro/create.js
FN:4,(anonymous_0)
FNF:1
FNH:1
FNDA:4,(anonymous_0)
DA:1,3
DA:2,3
DA:4,3
DA:5,4
DA:6,4
DA:14,4
DA:15,4
DA:16,4
DA:18,0
LF:9
LH:8
BRDA:15,0,0,0
BRDA:15,0,1,4
BRF:2
BRH:1
end_of_record
TN:
SF:src/app/validation/carro/update.js
FN:3,(anonymous_0)
FNF:1
FNH:0
FNDA:0,(anonymous_0)
DA:1,3
DA:3,3
DA:4,0
DA:5,0
DA:13,0
DA:14,0
DA:15,0
DA:17,0
LF:8
LH:2
BRDA:14,0,0,0
BRDA:14,0,1,0
BRF:2
BRH:0
end_of_record
TN:
SF:src/app/validation/locadora/create.js
FN:4,(anonymous_0)
FNF:1
FNH:1
FNDA:2,(anonymous_0)
DA:1,3
DA:2,3
DA:4,3
DA:5,2
DA:6,2
DA:27,2
DA:28,2
DA:29,2
DA:31,0
LF:9
LH:8
BRDA:28,0,0,0
BRDA:28,0,1,2
BRF:2
BRH:1
end_of_record
TN:
SF:src/app/validation/pessoa/create.js
FN:4,(anonymous_0)
FNF:1
FNH:1
FNDA:5,(anonymous_0)
DA:1,3
DA:2,3
DA:4,3
DA:5,5
DA:6,5
DA:16,5
DA:17,5
DA:18,5
DA:20,0
LF:9
LH:8
BRDA:17,0,0,0
BRDA:17,0,1,5
BRF:2
BRH:1
end_of_record
TN:
SF:src/infra/database/mongo/index.js
FN:4,(anonymous_0)
FN:8,(anonymous_1)
FNF:2
FNH:2
FNDA:3,(anonymous_0)
FNDA:6,(anonymous_1)
DA:1,3
DA:5,3
DA:9,6
DA:13,3
LF:4
LH:4
BRF:0
BRH:0
end_of_record
TN:
SF:src/routes/auth.router.js
FN:3,(anonymous_0)
FNF:1
FNH:1
FNDA:19,(anonymous_0)
DA:1,3
DA:3,3
DA:4,19
DA:5,19
LF:4
LH:4
BRDA:3,0,0,19
BRF:1
BRH:1
end_of_record
TN:
SF:src/routes/carro.router.js
FN:7,(anonymous_0)
FNF:1
FNH:1
FNDA:19,(anonymous_0)
DA:1,3
DA:2,3
DA:3,3
DA:4,3
DA:5,3
DA:7,3
DA:8,19
DA:9,19
DA:10,19
DA:11,19
DA:12,19
DA:13,19
DA:14,19
LF:13
LH:13
BRDA:7,0,0,19
BRF:1
BRH:1
end_of_record
TN:
SF:src/routes/docs.router.js
FN:4,(anonymous_0)
FNF:1
FNH:1
FNDA:19,(anonymous_0)
DA:1,3
DA:2,3
DA:4,3
DA:5,19
DA:6,19
LF:5
LH:5
BRDA:4,0,0,19
BRF:1
BRH:1
end_of_record
TN:
SF:src/routes/index.js
FN:8,(anonymous_0)
FN:9,(anonymous_1)
FNF:2
FNH:2
FNDA:3,(anonymous_0)
FNDA:19,(anonymous_1)
DA:1,3
DA:2,3
DA:3,3
DA:4,3
DA:5,3
DA:6,3
DA:8,3
DA:9,3
DA:10,19
DA:11,19
DA:12,19
DA:13,19
DA:14,19
DA:15,19
LF:14
LH:14
BRF:0
BRH:0
end_of_record
TN:
SF:src/routes/locadora.router.js
FN:6,(anonymous_0)
FNF:1
FNH:1
FNDA:19,(anonymous_0)
DA:1,3
DA:2,3
DA:4,3
DA:6,3
DA:7,19
DA:8,19
DA:9,19
DA:10,19
DA:11,19
DA:12,19
LF:10
LH:10
BRDA:6,0,0,19
BRF:1
BRH:1
end_of_record
TN:
SF:src/routes/pessoa.router.js
FN:4,(anonymous_0)
FNF:1
FNH:1
FNDA:19,(anonymous_0)
DA:1,3
DA:2,3
DA:4,3
DA:5,19
DA:6,19
DA:7,19
DA:8,19
DA:9,19
DA:10,19
LF:9
LH:9
BRDA:4,0,0,19
BRF:1
BRH:1
end_of_record
