TN:
SF:src/app.js
FN:6,(anonymous_0)
FN:12,(anonymous_1)
FN:16,(anonymous_2)
FNF:3
FNH:3
FNDA:1,(anonymous_0)
FNDA:1,(anonymous_1)
FNDA:1,(anonymous_2)
DA:1,1
DA:2,1
DA:3,1
DA:7,1
DA:8,1
DA:9,1
DA:13,1
DA:17,1
DA:21,1
LF:9
LH:9
BRF:0
BRH:0
end_of_record
TN:
SF:src/app/controller/AuthController.js
FN:7,(anonymous_0)
FNF:1
FNH:0
FNDA:0,(anonymous_0)
DA:1,1
DA:2,1
DA:3,1
DA:4,1
DA:8,0
DA:9,0
DA:10,0
DA:11,0
DA:12,0
DA:14,0
DA:15,0
DA:17,0
DA:18,0
DA:19,0
DA:20,0
DA:21,0
DA:22,0
DA:24,0
DA:29,1
LF:19
LH:5
BRDA:11,0,0,0
BRDA:11,0,1,0
BRDA:14,1,0,0
BRDA:14,1,1,0
BRF:4
BRH:0
end_of_record
TN:
SF:src/app/controller/CarroController.js
FN:5,(anonymous_0)
FN:14,(anonymous_1)
FN:23,(anonymous_2)
FN:32,(anonymous_3)
FN:44,(anonymous_4)
FN:53,(anonymous_5)
FNF:6
FNH:0
FNDA:0,(anonymous_0)
FNDA:0,(anonymous_1)
FNDA:0,(anonymous_2)
FNDA:0,(anonymous_3)
FNDA:0,(anonymous_4)
FNDA:0,(anonymous_5)
DA:1,1
DA:2,1
DA:6,0
DA:7,0
DA:8,0
DA:10,0
DA:15,0
DA:16,0
DA:17,0
DA:19,0
DA:24,0
DA:25,0
DA:26,0
DA:28,0
DA:33,0
DA:34,0
DA:35,0
DA:36,0
DA:38,0
DA:40,0
DA:45,0
DA:46,0
DA:47,0
DA:49,0
DA:54,0
DA:55,0
DA:56,0
DA:58,0
DA:63,1
LF:29
LH:3
BRDA:35,0,0,0
BRDA:35,0,1,0
BRF:2
BRH:0
end_of_record
TN:
SF:src/app/controller/LocadoraController.js
FN:5,(anonymous_0)
FN:14,(anonymous_1)
FN:23,(anonymous_2)
FN:32,(anonymous_3)
FN:44,(anonymous_4)
FNF:5
FNH:0
FNDA:0,(anonymous_0)
FNDA:0,(anonymous_1)
FNDA:0,(anonymous_2)
FNDA:0,(anonymous_3)
FNDA:0,(anonymous_4)
DA:1,1
DA:2,1
DA:6,0
DA:7,0
DA:8,0
DA:10,0
DA:15,0
DA:16,0
DA:17,0
DA:19,0
DA:24,0
DA:25,0
DA:26,0
DA:28,0
DA:33,0
DA:34,0
DA:35,0
DA:36,0
DA:38,0
DA:40,0
DA:45,0
DA:46,0
DA:47,0
DA:49,0
DA:54,1
LF:25
LH:3
BRDA:35,0,0,0
BRDA:35,0,1,0
BRF:2
BRH:0
end_of_record
TN:
SF:src/app/controller/PessoaController.js
FN:5,(anonymous_0)
FN:14,(anonymous_1)
FN:23,(anonymous_2)
FN:32,(anonymous_3)
FN:44,(anonymous_4)
FNF:5
FNH:1
FNDA:2,(anonymous_0)
FNDA:0,(anonymous_1)
FNDA:0,(anonymous_2)
FNDA:0,(anonymous_3)
FNDA:0,(anonymous_4)
DA:1,1
DA:2,1
DA:6,2
DA:7,2
DA:8,2
DA:10,0
DA:15,0
DA:16,0
DA:17,0
DA:19,0
DA:24,0
DA:25,0
DA:26,0
DA:28,0
DA:33,0
DA:34,0
DA:35,0
DA:36,0
DA:38,0
DA:40,0
DA:45,0
DA:46,0
DA:47,0
DA:49,0
DA:54,1
LF:25
LH:6
BRDA:35,0,0,0
BRDA:35,0,1,0
BRF:2
BRH:0
end_of_record
TN:
SF:src/app/errors/CpfInvalido.js
FN:2,(anonymous_0)
FNF:1
FNH:0
FNDA:0,(anonymous_0)
DA:3,0
DA:4,0
DA:5,0
DA:9,1
LF:4
LH:1
BRF:0
BRH:0
end_of_record
TN:
SF:src/app/errors/CpfJaCadastrado.js
FN:2,(anonymous_0)
FNF:1
FNH:0
FNDA:0,(anonymous_0)
DA:3,0
DA:4,0
DA:5,0
DA:9,1
LF:4
LH:1
BRF:0
BRH:0
end_of_record
TN:
SF:src/app/errors/EmailJaCadastrado.js
FN:2,(anonymous_0)
FNF:1
FNH:0
FNDA:0,(anonymous_0)
DA:3,0
DA:4,0
DA:5,0
DA:9,1
LF:4
LH:1
BRF:0
BRH:0
end_of_record
TN:
SF:src/app/errors/MenorDeIdade.js
FN:2,(anonymous_0)
FNF:1
FNH:0
FNDA:0,(anonymous_0)
DA:3,0
DA:4,0
DA:5,0
DA:9,1
LF:4
LH:1
BRF:0
BRH:0
end_of_record
TN:
SF:src/app/errors/MultiplasMatrizes.js
FN:2,(anonymous_0)
FNF:1
FNH:0
FNDA:0,(anonymous_0)
DA:3,0
DA:4,0
DA:5,0
DA:9,1
LF:4
LH:1
BRF:0
BRH:0
end_of_record
TN:
SF:src/app/errors/PessoaNaoExiste.js
FN:2,(anonymous_0)
FNF:1
FNH:0
FNDA:0,(anonymous_0)
DA:3,0
DA:4,0
DA:5,0
DA:9,1
LF:4
LH:1
BRF:0
BRH:0
end_of_record
TN:
SF:src/app/middleware/Login.js
FN:4,(anonymous_0)
FNF:1
FNH:0
FNDA:0,(anonymous_0)
DA:1,1
DA:2,1
DA:4,1
DA:5,0
DA:6,0
DA:7,0
DA:8,0
DA:9,0
DA:11,0
LF:9
LH:3
BRF:0
BRH:0
end_of_record
TN:
SF:src/app/repository/CarroRepository.js
FN:4,(anonymous_0)
FN:8,(anonymous_1)
FN:16,(anonymous_2)
FN:20,(anonymous_3)
FN:24,(anonymous_4)
FN:28,(anonymous_5)
FNF:6
FNH:0
FNDA:0,(anonymous_0)
FNDA:0,(anonymous_1)
FNDA:0,(anonymous_2)
FNDA:0,(anonymous_3)
FNDA:0,(anonymous_4)
FNDA:0,(anonymous_5)
DA:1,1
DA:5,0
DA:9,0
DA:10,0
DA:17,0
DA:21,0
DA:25,0
DA:29,0
DA:38,0
DA:42,1
LF:10
LH:2
BRDA:9,0,0,0
BRDA:9,1,0,0
BRF:2
BRH:0
end_of_record
TN:
SF:src/app/repository/LocadoraRepository.js
FN:5,(anonymous_0)
FN:9,(anonymous_1)
FN:20,(anonymous_2)
FN:32,(anonymous_3)
FN:36,(anonymous_4)
FN:40,(anonymous_5)
FNF:6
FNH:0
FNDA:0,(anonymous_0)
FNDA:0,(anonymous_1)
FNDA:0,(anonymous_2)
FNDA:0,(anonymous_3)
FNDA:0,(anonymous_4)
FNDA:0,(anonymous_5)
DA:1,1
DA:2,1
DA:6,0
DA:7,0
DA:9,0
DA:10,0
DA:11,0
DA:12,0
DA:13,0
DA:14,0
DA:15,0
DA:17,0
DA:21,0
DA:22,0
DA:33,0
DA:37,0
DA:41,0
DA:45,1
LF:18
LH:3
BRDA:21,0,0,0
BRDA:21,1,0,0
BRF:2
BRH:0
end_of_record
TN:
SF:src/app/repository/PessoaRepository.js
FN:4,(anonymous_0)
FN:8,(anonymous_1)
FN:20,(anonymous_2)
FN:24,(anonymous_3)
FN:28,(anonymous_4)
FNF:5
FNH:2
FNDA:2,(anonymous_0)
FNDA:4,(anonymous_1)
FNDA:0,(anonymous_2)
FNDA:0,(anonymous_3)
FNDA:0,(anonymous_4)
DA:1,1
DA:5,2
DA:9,4
DA:10,4
DA:21,0
DA:25,0
DA:29,0
DA:33,1
LF:8
LH:5
BRDA:9,0,0,4
BRDA:9,1,0,4
BRF:2
BRH:2
end_of_record
TN:
SF:src/app/schema/CarroSchema.js
FNF:0
FNH:0
DA:1,1
DA:2,1
DA:4,1
DA:31,1
DA:33,1
DA:35,1
LF:6
LH:6
BRF:0
BRH:0
end_of_record
TN:
SF:src/app/schema/LocadoraSchema.js
FNF:0
FNH:0
DA:1,1
DA:2,1
DA:4,1
DA:85,1
DA:87,1
DA:89,1
LF:6
LH:6
BRF:0
BRH:0
end_of_record
TN:
SF:src/app/schema/PessoaSchema.js
FN:32,encrypted
FNF:1
FNH:1
FNDA:2,encrypted
DA:1,1
DA:2,1
DA:3,1
DA:5,1
DA:32,1
DA:33,2
DA:34,2
DA:36,2
DA:39,1
DA:41,1
DA:43,1
LF:11
LH:11
BRF:0
BRH:0
end_of_record
TN:
SF:src/app/serialize/CarroSerialize.js
FN:1,(anonymous_0)
FN:10,(anonymous_1)
FNF:2
FNH:0
FNDA:0,(anonymous_0)
FNDA:0,(anonymous_1)
DA:1,1
DA:10,1
DA:18,1
LF:3
LH:3
BRF:0
BRH:0
end_of_record
TN:
SF:src/app/serialize/ErroSerialize.js
FN:1,(anonymous_0)
FN:2,(anonymous_1)
FNF:2
FNH:0
FNDA:0,(anonymous_0)
FNDA:0,(anonymous_1)
DA:1,1
DA:2,0
DA:7,1
LF:3
LH:2
BRF:0
BRH:0
end_of_record
TN:
SF:src/app/serialize/LocadoraSerialize.js
FN:1,(anonymous_0)
FN:3,(anonymous_1)
FNF:2
FNH:0
FNDA:0,(anonymous_0)
FNDA:0,(anonymous_1)
DA:1,1
DA:3,1
DA:11,1
LF:3
LH:3
BRF:0
BRH:0
end_of_record
TN:
SF:src/app/serialize/PessoaSerialize.js
FN:3,(anonymous_0)
FN:12,(anonymous_1)
FNF:2
FNH:1
FNDA:2,(anonymous_0)
FNDA:0,(anonymous_1)
DA:1,1
DA:3,2
DA:12,1
DA:20,1
LF:4
LH:4
BRF:0
BRH:0
end_of_record
TN:
SF:src/app/service/CarroService.js
FN:4,(anonymous_0)
FN:9,(anonymous_1)
FN:14,(anonymous_2)
FN:19,(anonymous_3)
FN:24,(anonymous_4)
FN:29,(anonymous_5)
FNF:6
FNH:0
FNDA:0,(anonymous_0)
FNDA:0,(anonymous_1)
FNDA:0,(anonymous_2)
FNDA:0,(anonymous_3)
FNDA:0,(anonymous_4)
FNDA:0,(anonymous_5)
DA:1,1
DA:5,0
DA:6,0
DA:10,0
DA:11,0
DA:15,0
DA:16,0
DA:20,0
DA:21,0
DA:25,0
DA:26,0
DA:30,0
DA:31,0
DA:35,1
LF:14
LH:2
BRF:0
BRH:0
end_of_record
TN:
SF:src/app/service/LocadoraService.js
FN:5,(anonymous_0)
FN:7,(anonymous_1)
FN:19,(anonymous_2)
FN:24,(anonymous_3)
FN:29,(anonymous_4)
FN:34,(anonymous_5)
FNF:6
FNH:0
FNDA:0,(anonymous_0)
FNDA:0,(anonymous_1)
FNDA:0,(anonymous_2)
FNDA:0,(anonymous_3)
FNDA:0,(anonymous_4)
FNDA:0,(anonymous_5)
DA:1,1
DA:2,1
DA:6,0
DA:7,0
DA:8,0
DA:9,0
DA:11,0
DA:12,0
DA:15,0
DA:16,0
DA:20,0
DA:21,0
DA:25,0
DA:26,0
DA:30,0
DA:31,0
DA:35,0
DA:36,0
DA:40,1
LF:19
LH:3
BRDA:8,0,0,0
BRDA:8,0,1,0
BRDA:11,1,0,0
BRDA:11,1,1,0
BRF:4
BRH:0
end_of_record
TN:
SF:src/app/service/PessoaService.js
FN:10,(anonymous_0)
FN:25,(anonymous_1)
FN:30,(anonymous_2)
FN:35,(anonymous_3)
FN:40,(anonymous_4)
FN:59,(anonymous_5)
FNF:6
FNH:2
FNDA:2,(anonymous_0)
FNDA:0,(anonymous_1)
FNDA:0,(anonymous_2)
FNDA:0,(anonymous_3)
FNDA:0,(anonymous_4)
FNDA:2,(anonymous_5)
DA:1,1
DA:2,1
DA:3,1
DA:4,1
DA:5,1
DA:6,1
DA:7,1
DA:11,2
DA:12,2
DA:13,2
DA:14,2
DA:15,0
DA:17,2
DA:18,2
DA:19,0
DA:21,2
DA:22,2
DA:26,0
DA:27,0
DA:31,0
DA:32,0
DA:36,0
DA:37,0
DA:41,0
DA:42,0
DA:43,0
DA:44,0
DA:46,0
DA:47,0
DA:48,0
DA:49,0
DA:51,0
DA:52,0
DA:53,0
DA:55,0
DA:56,0
DA:60,2
DA:61,0
DA:63,2
DA:66,2
DA:67,2
DA:69,18
DA:70,2
DA:72,2
DA:73,2
DA:75,2
DA:76,20
DA:77,2
DA:79,2
DA:80,2
DA:84,1
LF:51
LH:29
BRDA:14,0,0,0
BRDA:14,0,1,2
BRDA:18,1,0,0
BRDA:18,1,1,2
BRDA:43,2,0,0
BRDA:43,2,1,0
BRDA:48,3,0,0
BRDA:48,3,1,0
BRDA:48,4,0,0
BRDA:48,4,1,0
BRDA:52,5,0,0
BRDA:52,5,1,0
BRDA:52,6,0,0
BRDA:52,6,1,0
BRDA:60,7,0,0
BRDA:60,7,1,2
BRDA:67,8,0,0
BRDA:67,8,1,2
BRDA:72,9,0,0
BRDA:72,9,1,2
BRDA:72,10,0,2
BRDA:72,10,1,2
BRDA:73,11,0,0
BRDA:73,11,1,2
BRDA:79,12,0,0
BRDA:79,12,1,2
BRDA:79,13,0,2
BRDA:79,13,1,2
BRDA:80,14,0,0
BRDA:80,14,1,2
BRF:30
BRH:12
end_of_record
TN:
SF:src/app/validation/idValidation.js
FN:3,(anonymous_0)
FNF:1
FNH:0
FNDA:0,(anonymous_0)
DA:1,1
DA:3,1
DA:4,0
DA:5,0
DA:6,0
DA:7,0
DA:9,0
LF:7
LH:2
BRDA:6,0,0,0
BRDA:6,0,1,0
BRF:2
BRH:0
end_of_record
TN:
SF:src/app/validation/carro/create.js
FN:4,(anonymous_0)
FNF:1
FNH:0
FNDA:0,(anonymous_0)
DA:1,1
DA:2,1
DA:4,1
DA:5,0
DA:6,0
DA:14,0
DA:15,0
DA:16,0
DA:18,0
LF:9
LH:3
BRDA:15,0,0,0
BRDA:15,0,1,0
BRF:2
BRH:0
end_of_record
TN:
SF:src/app/validation/carro/update.js
FN:3,(anonymous_0)
FNF:1
FNH:0
FNDA:0,(anonymous_0)
DA:1,1
DA:3,1
DA:4,0
DA:5,0
DA:13,0
DA:14,0
DA:15,0
DA:17,0
LF:8
LH:2
BRDA:14,0,0,0
BRDA:14,0,1,0
BRF:2
BRH:0
end_of_record
TN:
SF:src/app/validation/locadora/create.js
FN:4,(anonymous_0)
FNF:1
FNH:0
FNDA:0,(anonymous_0)
DA:1,1
DA:2,1
DA:4,1
DA:5,0
DA:6,0
DA:27,0
DA:28,0
DA:29,0
DA:31,0
LF:9
LH:3
BRDA:28,0,0,0
BRDA:28,0,1,0
BRF:2
BRH:0
end_of_record
TN:
SF:src/app/validation/pessoa/create.js
FN:4,(anonymous_0)
FNF:1
FNH:1
FNDA:2,(anonymous_0)
DA:1,1
DA:2,1
DA:4,1
DA:5,2
DA:6,2
DA:16,2
DA:17,2
DA:18,2
DA:20,0
LF:9
LH:8
BRDA:17,0,0,0
BRDA:17,0,1,2
BRF:2
BRH:1
end_of_record
TN:
SF:src/infra/database/mongo/index.js
FN:4,(anonymous_0)
FN:8,(anonymous_1)
FNF:2
FNH:2
FNDA:1,(anonymous_0)
FNDA:2,(anonymous_1)
DA:1,1
DA:5,1
DA:9,2
DA:13,1
LF:4
LH:4
BRF:0
BRH:0
end_of_record
TN:
SF:src/routes/auth.router.js
FN:3,(anonymous_0)
FNF:1
FNH:1
FNDA:2,(anonymous_0)
DA:1,1
DA:3,1
DA:4,2
DA:5,2
LF:4
LH:4
BRDA:3,0,0,2
BRF:1
BRH:1
end_of_record
TN:
SF:src/routes/carro.router.js
FN:7,(anonymous_0)
FNF:1
FNH:1
FNDA:2,(anonymous_0)
DA:1,1
DA:2,1
DA:3,1
DA:4,1
DA:5,1
DA:7,1
DA:8,2
DA:9,2
DA:10,2
DA:11,2
DA:12,2
DA:13,2
DA:14,2
LF:13
LH:13
BRDA:7,0,0,2
BRF:1
BRH:1
end_of_record
TN:
SF:src/routes/docs.router.js
FN:4,(anonymous_0)
FNF:1
FNH:1
FNDA:2,(anonymous_0)
DA:1,1
DA:2,1
DA:4,1
DA:5,2
DA:6,2
LF:5
LH:5
BRDA:4,0,0,2
BRF:1
BRH:1
end_of_record
TN:
SF:src/routes/index.js
FN:8,(anonymous_0)
FN:9,(anonymous_1)
FNF:2
FNH:2
FNDA:1,(anonymous_0)
FNDA:2,(anonymous_1)
DA:1,1
DA:2,1
DA:3,1
DA:4,1
DA:5,1
DA:6,1
DA:8,1
DA:9,1
DA:10,2
DA:11,2
DA:12,2
DA:13,2
DA:14,2
DA:15,2
LF:14
LH:14
BRF:0
BRH:0
end_of_record
TN:
SF:src/routes/locadora.router.js
FN:6,(anonymous_0)
FNF:1
FNH:1
FNDA:2,(anonymous_0)
DA:1,1
DA:2,1
DA:4,1
DA:6,1
DA:7,2
DA:8,2
DA:9,2
DA:10,2
DA:11,2
DA:12,2
LF:10
LH:10
BRDA:6,0,0,2
BRF:1
BRH:1
end_of_record
TN:
SF:src/routes/pessoa.router.js
FN:4,(anonymous_0)
FNF:1
FNH:1
FNDA:2,(anonymous_0)
DA:1,1
DA:2,1
DA:4,1
DA:5,2
DA:6,2
DA:7,2
DA:8,2
DA:9,2
DA:10,2
LF:9
LH:9
BRDA:4,0,0,2
BRF:1
BRH:1
end_of_record
